# JRE version: OpenJDK Runtime Environment Temurin-17.0.13+11 (17.0.13+11) (build 17.0.13+11)
# Java VM: OpenJDK 64-Bit Server VM Temurin-17.0.13+11 (17.0.13+11, mixed mode, tiered, compressed oops, compressed class ptrs, parallel gc, windows-amd64)
GC Precious Log:
 CPUs: 12 total, 12 available
 Memory: 6005M
 Large Page Support: Disabled
 NUMA Support: Disabled
 Compressed Oops: Enabled (32-bit)
 Alignments: Space 512K, Generation 512K, Heap 2M
 Heap Min Capacity: 100M
 Heap Initial Capacity: 100M
 Heap Max Capacity: 1G
 Pre-touch: Disabled
 Parallel Workers: 10
Heap:
 PSYoungGen      total 7168K, used 3196K [0x00000000eab00000, 0x00000000eb380000, 0x0000000100000000)
  eden space 6144K, 42% used [0x00000000eab00000,0x00000000ead873a0,0x00000000eb100000)
  from space 1024K, 59% used [0x00000000eb100000,0x00000000eb198000,0x00000000eb200000)
  to   space 1024K, 0% used [0x00000000eb280000,0x00000000eb280000,0x00000000eb380000)
 ParOldGen       total 87552K, used 69339K [0x00000000c0000000, 0x00000000c5580000, 0x00000000eab00000)
  object space 87552K, 79% used [0x00000000c0000000,0x00000000c43b6c40,0x00000000c5580000)
 Metaspace       used 58964K, committed 59904K, reserved 1114112K
  class space    used 5786K, committed 6208K, reserved 1048576K
GC Heap History (20 events):
Event: 44.780 GC heap before
{Heap before GC invocations=122 (full 6):
 PSYoungGen      total 7680K, used 7488K [0x00000000eab00000, 0x00000000eb380000, 0x0000000100000000)
  eden space 6656K, 100% used [0x00000000eab00000,0x00000000eb180000,0x00000000eb180000)
  from space 1024K, 81% used [0x00000000eb200000,0x00000000eb2d0000,0x00000000eb300000)
  to   space 512K, 0% used [0x00000000eb300000,0x00000000eb300000,0x00000000eb380000)
 ParOldGen       total 87552K, used 63193K [0x00000000c0000000, 0x00000000c5580000, 0x00000000eab00000)
  object space 87552K, 72% used [0x00000000c0000000,0x00000000c3db6700,0x00000000c5580000)
 Metaspace       used 58810K, committed 59712K, reserved 1114112K
  class space    used 5784K, committed 6208K, reserved 1048576K
}
Event: 44.781 GC heap after
{Heap after GC invocations=122 (full 6):
 PSYoungGen      total 7168K, used 512K [0x00000000eab00000, 0x00000000eb480000, 0x0000000100000000)
  eden space 6656K, 0% used [0x00000000eab00000,0x00000000eab00000,0x00000000eb180000)
  from space 512K, 100% used [0x00000000eb300000,0x00000000eb380000,0x00000000eb380000)
  to   space 1536K, 0% used [0x00000000eb180000,0x00000000eb180000,0x00000000eb300000)
 ParOldGen       total 87552K, used 63985K [0x00000000c0000000, 0x00000000c5580000, 0x00000000eab00000)
  object space 87552K, 73% used [0x00000000c0000000,0x00000000c3e7c5d0,0x00000000c5580000)
 Metaspace       used 58810K, committed 59712K, reserved 1114112K
  class space    used 5784K, committed 6208K, reserved 1048576K
}
Event: 44.790 GC heap before
{Heap before GC invocations=123 (full 6):
 PSYoungGen      total 7168K, used 7168K [0x00000000eab00000, 0x00000000eb480000, 0x0000000100000000)
  eden space 6656K, 100% used [0x00000000eab00000,0x00000000eb180000,0x00000000eb180000)
  from space 512K, 100% used [0x00000000eb300000,0x00000000eb380000,0x00000000eb380000)
  to   space 1536K, 0% used [0x00000000eb180000,0x00000000eb180000,0x00000000eb300000)
 ParOldGen       total 87552K, used 63985K [0x00000000c0000000, 0x00000000c5580000, 0x00000000eab00000)
  object space 87552K, 73% used [0x00000000c0000000,0x00000000c3e7c5d0,0x00000000c5580000)
 Metaspace       used 58810K, committed 59712K, reserved 1114112K
  class space    used 5784K, committed 6208K, reserved 1048576K
}
Event: 44.791 GC heap after
{Heap after GC invocations=123 (full 6):
 PSYoungGen      total 7680K, used 624K [0x00000000eab00000, 0x00000000eb380000, 0x0000000100000000)
  eden space 6656K, 0% used [0x00000000eab00000,0x00000000eab00000,0x00000000eb180000)
  from space 1024K, 60% used [0x00000000eb180000,0x00000000eb21c010,0x00000000eb280000)
  to   space 1024K, 0% used [0x00000000eb280000,0x00000000eb280000,0x00000000eb380000)
 ParOldGen       total 87552K, used 64449K [0x00000000c0000000, 0x00000000c5580000, 0x00000000eab00000)
  object space 87552K, 73% used [0x00000000c0000000,0x00000000c3ef0620,0x00000000c5580000)
 Metaspace       used 58810K, committed 59712K, reserved 1114112K
  class space    used 5784K, committed 6208K, reserved 1048576K
}
Event: 45.024 GC heap before
{Heap before GC invocations=124 (full 6):
 PSYoungGen      total 7680K, used 7280K [0x00000000eab00000, 0x00000000eb380000, 0x0000000100000000)
  eden space 6656K, 100% used [0x00000000eab00000,0x00000000eb180000,0x00000000eb180000)
  from space 1024K, 60% used [0x00000000eb180000,0x00000000eb21c010,0x00000000eb280000)
  to   space 1024K, 0% used [0x00000000eb280000,0x00000000eb280000,0x00000000eb380000)
 ParOldGen       total 87552K, used 64449K [0x00000000c0000000, 0x00000000c5580000, 0x00000000eab00000)
  object space 87552K, 73% used [0x00000000c0000000,0x00000000c3ef0620,0x00000000c5580000)
 Metaspace       used 58861K, committed 59776K, reserved 1114112K
  class space    used 5786K, committed 6208K, reserved 1048576K
}
Event: 45.025 GC heap after
{Heap after GC invocations=124 (full 6):
 PSYoungGen      total 7680K, used 864K [0x00000000eab00000, 0x00000000eb380000, 0x0000000100000000)
  eden space 6656K, 0% used [0x00000000eab00000,0x00000000eab00000,0x00000000eb180000)
  from space 1024K, 84% used [0x00000000eb280000,0x00000000eb358000,0x00000000eb380000)
  to   space 1024K, 0% used [0x00000000eb180000,0x00000000eb180000,0x00000000eb280000)
 ParOldGen       total 87552K, used 64945K [0x00000000c0000000, 0x00000000c5580000, 0x00000000eab00000)
  object space 87552K, 74% used [0x00000000c0000000,0x00000000c3f6c690,0x00000000c5580000)
 Metaspace       used 58861K, committed 59776K, reserved 1114112K
  class space    used 5786K, committed 6208K, reserved 1048576K
}
Event: 45.756 GC heap before
{Heap before GC invocations=125 (full 6):
 PSYoungGen      total 7680K, used 7520K [0x00000000eab00000, 0x00000000eb380000, 0x0000000100000000)
  eden space 6656K, 100% used [0x00000000eab00000,0x00000000eb180000,0x00000000eb180000)
  from space 1024K, 84% used [0x00000000eb280000,0x00000000eb358000,0x00000000eb380000)
  to   space 1024K, 0% used [0x00000000eb180000,0x00000000eb180000,0x00000000eb280000)
 ParOldGen       total 87552K, used 64945K [0x00000000c0000000, 0x00000000c5580000, 0x00000000eab00000)
  object space 87552K, 74% used [0x00000000c0000000,0x00000000c3f6c690,0x00000000c5580000)
 Metaspace       used 58875K, committed 59840K, reserved 1114112K
  class space    used 5786K, committed 6208K, reserved 1048576K
}
Event: 45.757 GC heap after
{Heap after GC invocations=125 (full 6):
 PSYoungGen      total 7680K, used 241K [0x00000000eab00000, 0x00000000eb300000, 0x0000000100000000)
  eden space 6656K, 0% used [0x00000000eab00000,0x00000000eab00000,0x00000000eb180000)
  from space 1024K, 23% used [0x00000000eb180000,0x00000000eb1bc698,0x00000000eb280000)
  to   space 512K, 0% used [0x00000000eb280000,0x00000000eb280000,0x00000000eb300000)
 ParOldGen       total 87552K, used 65636K [0x00000000c0000000, 0x00000000c5580000, 0x00000000eab00000)
  object space 87552K, 74% used [0x00000000c0000000,0x00000000c40190d0,0x00000000c5580000)
 Metaspace       used 58875K, committed 59840K, reserved 1114112K
  class space    used 5786K, committed 6208K, reserved 1048576K
}
Event: 45.826 GC heap before
{Heap before GC invocations=126 (full 6):
 PSYoungGen      total 7680K, used 6897K [0x00000000eab00000, 0x00000000eb300000, 0x0000000100000000)
  eden space 6656K, 100% used [0x00000000eab00000,0x00000000eb180000,0x00000000eb180000)
  from space 1024K, 23% used [0x00000000eb180000,0x00000000eb1bc698,0x00000000eb280000)
  to   space 512K, 0% used [0x00000000eb280000,0x00000000eb280000,0x00000000eb300000)
 ParOldGen       total 87552K, used 65636K [0x00000000c0000000, 0x00000000c5580000, 0x00000000eab00000)
  object space 87552K, 74% used [0x00000000c0000000,0x00000000c40190d0,0x00000000c5580000)
 Metaspace       used 58875K, committed 59840K, reserved 1114112K
  class space    used 5786K, committed 6208K, reserved 1048576K
}
Event: 45.827 GC heap after
{Heap after GC invocations=126 (full 6):
 PSYoungGen      total 6656K, used 512K [0x00000000eab00000, 0x00000000eb480000, 0x0000000100000000)
  eden space 6144K, 0% used [0x00000000eab00000,0x00000000eab00000,0x00000000eb100000)
  from space 512K, 100% used [0x00000000eb280000,0x00000000eb300000,0x00000000eb300000)
  to   space 1536K, 0% used [0x00000000eb100000,0x00000000eb100000,0x00000000eb280000)
 ParOldGen       total 87552K, used 66159K [0x00000000c0000000, 0x00000000c5580000, 0x00000000eab00000)
  object space 87552K, 75% used [0x00000000c0000000,0x00000000c409be50,0x00000000c5580000)
 Metaspace       used 58875K, committed 59840K, reserved 1114112K
  class space    used 5786K, committed 6208K, reserved 1048576K
}
Event: 45.835 GC heap before
{Heap before GC invocations=127 (full 6):
 PSYoungGen      total 6656K, used 6656K [0x00000000eab00000, 0x00000000eb480000, 0x0000000100000000)
  eden space 6144K, 100% used [0x00000000eab00000,0x00000000eb100000,0x00000000eb100000)
  from space 512K, 100% used [0x00000000eb280000,0x00000000eb300000,0x00000000eb300000)
  to   space 1536K, 0% used [0x00000000eb100000,0x00000000eb100000,0x00000000eb280000)
 ParOldGen       total 87552K, used 66159K [0x00000000c0000000, 0x00000000c5580000, 0x00000000eab00000)
  object space 87552K, 75% used [0x00000000c0000000,0x00000000c409be50,0x00000000c5580000)
 Metaspace       used 58875K, committed 59840K, reserved 1114112K
  class space    used 5786K, committed 6208K, reserved 1048576K
}
Event: 45.836 GC heap after
{Heap after GC invocations=127 (full 6):
 PSYoungGen      total 7168K, used 592K [0x00000000eab00000, 0x00000000eb300000, 0x0000000100000000)
  eden space 6144K, 0% used [0x00000000eab00000,0x00000000eab00000,0x00000000eb100000)
  from space 1024K, 57% used [0x00000000eb100000,0x00000000eb194010,0x00000000eb200000)
  to   space 1024K, 0% used [0x00000000eb200000,0x00000000eb200000,0x00000000eb300000)
 ParOldGen       total 87552K, used 66702K [0x00000000c0000000, 0x00000000c5580000, 0x00000000eab00000)
  object space 87552K, 76% used [0x00000000c0000000,0x00000000c4123998,0x00000000c5580000)
 Metaspace       used 58875K, committed 59840K, reserved 1114112K
  class space    used 5786K, committed 6208K, reserved 1048576K
}
Event: 45.843 GC heap before
{Heap before GC invocations=128 (full 6):
 PSYoungGen      total 7168K, used 6736K [0x00000000eab00000, 0x00000000eb300000, 0x0000000100000000)
  eden space 6144K, 100% used [0x00000000eab00000,0x00000000eb100000,0x00000000eb100000)
  from space 1024K, 57% used [0x00000000eb100000,0x00000000eb194010,0x00000000eb200000)
  to   space 1024K, 0% used [0x00000000eb200000,0x00000000eb200000,0x00000000eb300000)
 ParOldGen       total 87552K, used 66702K [0x00000000c0000000, 0x00000000c5580000, 0x00000000eab00000)
  object space 87552K, 76% used [0x00000000c0000000,0x00000000c4123998,0x00000000c5580000)
 Metaspace       used 58875K, committed 59840K, reserved 1114112K
  class space    used 5786K, committed 6208K, reserved 1048576K
}
Event: 45.844 GC heap after
{Heap after GC invocations=128 (full 6):
 PSYoungGen      total 7168K, used 640K [0x00000000eab00000, 0x00000000eb300000, 0x0000000100000000)
  eden space 6144K, 0% used [0x00000000eab00000,0x00000000eab00000,0x00000000eb100000)
  from space 1024K, 62% used [0x00000000eb200000,0x00000000eb2a0000,0x00000000eb300000)
  to   space 1024K, 0% used [0x00000000eb100000,0x00000000eb100000,0x00000000eb200000)
 ParOldGen       total 87552K, used 67182K [0x00000000c0000000, 0x00000000c5580000, 0x00000000eab00000)
  object space 87552K, 76% used [0x00000000c0000000,0x00000000c419ba18,0x00000000c5580000)
 Metaspace       used 58875K, committed 59840K, reserved 1114112K
  class space    used 5786K, committed 6208K, reserved 1048576K
}
Event: 45.862 GC heap before
{Heap before GC invocations=129 (full 6):
 PSYoungGen      total 7168K, used 6784K [0x00000000eab00000, 0x00000000eb300000, 0x0000000100000000)
  eden space 6144K, 100% used [0x00000000eab00000,0x00000000eb100000,0x00000000eb100000)
  from space 1024K, 62% used [0x00000000eb200000,0x00000000eb2a0000,0x00000000eb300000)
  to   space 1024K, 0% used [0x00000000eb100000,0x00000000eb100000,0x00000000eb200000)
 ParOldGen       total 87552K, used 67182K [0x00000000c0000000, 0x00000000c5580000, 0x00000000eab00000)
  object space 87552K, 76% used [0x00000000c0000000,0x00000000c419ba18,0x00000000c5580000)
 Metaspace       used 58924K, committed 59904K, reserved 1114112K
  class space    used 5786K, committed 6208K, reserved 1048576K
}
Event: 45.863 GC heap after
{Heap after GC invocations=129 (full 6):
 PSYoungGen      total 7168K, used 1008K [0x00000000eab00000, 0x00000000eb500000, 0x0000000100000000)
  eden space 6144K, 0% used [0x00000000eab00000,0x00000000eab00000,0x00000000eb100000)
  from space 1024K, 98% used [0x00000000eb100000,0x00000000eb1fc010,0x00000000eb200000)
  to   space 2048K, 0% used [0x00000000eb300000,0x00000000eb300000,0x00000000eb500000)
 ParOldGen       total 87552K, used 67790K [0x00000000c0000000, 0x00000000c5580000, 0x00000000eab00000)
  object space 87552K, 77% used [0x00000000c0000000,0x00000000c4233a88,0x00000000c5580000)
 Metaspace       used 58924K, committed 59904K, reserved 1114112K
  class space    used 5786K, committed 6208K, reserved 1048576K
}
Event: 45.873 GC heap before
{Heap before GC invocations=130 (full 6):
 PSYoungGen      total 7168K, used 7152K [0x00000000eab00000, 0x00000000eb500000, 0x0000000100000000)
  eden space 6144K, 100% used [0x00000000eab00000,0x00000000eb100000,0x00000000eb100000)
  from space 1024K, 98% used [0x00000000eb100000,0x00000000eb1fc010,0x00000000eb200000)
  to   space 2048K, 0% used [0x00000000eb300000,0x00000000eb300000,0x00000000eb500000)
 ParOldGen       total 87552K, used 67790K [0x00000000c0000000, 0x00000000c5580000, 0x00000000eab00000)
  object space 87552K, 77% used [0x00000000c0000000,0x00000000c4233a88,0x00000000c5580000)
 Metaspace       used 58932K, committed 59904K, reserved 1114112K
  class space    used 5786K, committed 6208K, reserved 1048576K
}
Event: 45.875 GC heap after
{Heap after GC invocations=130 (full 6):
 PSYoungGen      total 7168K, used 672K [0x00000000eab00000, 0x00000000eb400000, 0x0000000100000000)
  eden space 6144K, 0% used [0x00000000eab00000,0x00000000eab00000,0x00000000eb100000)
  from space 1024K, 65% used [0x00000000eb300000,0x00000000eb3a8000,0x00000000eb400000)
  to   space 1024K, 0% used [0x00000000eb100000,0x00000000eb100000,0x00000000eb200000)
 ParOldGen       total 87552K, used 68794K [0x00000000c0000000, 0x00000000c5580000, 0x00000000eab00000)
  object space 87552K, 78% used [0x00000000c0000000,0x00000000c432ebc0,0x00000000c5580000)
 Metaspace       used 58932K, committed 59904K, reserved 1114112K
  class space    used 5786K, committed 6208K, reserved 1048576K
}
Event: 45.884 GC heap before
{Heap before GC invocations=131 (full 6):
 PSYoungGen      total 7168K, used 6816K [0x00000000eab00000, 0x00000000eb400000, 0x0000000100000000)
  eden space 6144K, 100% used [0x00000000eab00000,0x00000000eb100000,0x00000000eb100000)
  from space 1024K, 65% used [0x00000000eb300000,0x00000000eb3a8000,0x00000000eb400000)
  to   space 1024K, 0% used [0x00000000eb100000,0x00000000eb100000,0x00000000eb200000)
 ParOldGen       total 87552K, used 68794K [0x00000000c0000000, 0x00000000c5580000, 0x00000000eab00000)
  object space 87552K, 78% used [0x00000000c0000000,0x00000000c432ebc0,0x00000000c5580000)
 Metaspace       used 58936K, committed 59904K, reserved 1114112K
  class space    used 5786K, committed 6208K, reserved 1048576K
}
Event: 45.885 GC heap after
{Heap after GC invocations=131 (full 6):
 PSYoungGen      total 7168K, used 608K [0x00000000eab00000, 0x00000000eb380000, 0x0000000100000000)
  eden space 6144K, 0% used [0x00000000eab00000,0x00000000eab00000,0x00000000eb100000)
  from space 1024K, 59% used [0x00000000eb100000,0x00000000eb198000,0x00000000eb200000)
  to   space 1024K, 0% used [0x00000000eb280000,0x00000000eb280000,0x00000000eb380000)
 ParOldGen       total 87552K, used 69339K [0x00000000c0000000, 0x00000000c5580000, 0x00000000eab00000)
  object space 87552K, 79% used [0x00000000c0000000,0x00000000c43b6c40,0x00000000c5580000)
 Metaspace       used 58936K, committed 59904K, reserved 1114112K
  class space    used 5786K, committed 6208K, reserved 1048576K
}

